2026-07-20 08:07:06.496 [main] INFO  - Starting PWP Core Service...
2026-07-20 08:07:06.498 [main] WARN  - Could not load config file '>', using defaults
2026-07-20 08:07:06.640 [main] INFO  - Version: dev (commit unknown)
2026-07-20 08:07:06.650 [main] INFO  - PWP-Core-Pool - Starting...
2026-07-20 08:07:06.922 [main] INFO  - PWP-Core-Pool - Added connection com.mysql.cj.jdbc.ConnectionImpl@1a5b6f42
2026-07-20 08:07:06.924 [main] INFO  - PWP-Core-Pool - Start completed.
2026-07-20 08:07:06.924 [main] INFO  - Database pool initialized: 127.0.0.1:3306/pwp_core
2026-07-20 08:07:06.935 [main] INFO  - Database tables verified
2026-07-20 08:07:07.134 [main] WARN  - Failed to cleanup expired tokens: Table 'pwp_core.server_tokens' doesn't exist
2026-07-20 08:07:07.356 [main] INFO  - Starting Javalin ...
2026-07-20 08:07:07.358 [main] INFO  - jetty-11.0.24; built: 2024-08-26T18:11:22.448Z; git: 5dfc59a691b748796f922208956bd1f2794bcd16; jvm 17.0.19+10
2026-07-20 08:07:07.402 [main] INFO  - Session workerName=node0
2026-07-20 08:07:07.411 [main] INFO  - Started o.e.j.s.ServletContextHandler@61d9efe0{/,null,AVAILABLE}
2026-07-20 08:07:07.461 [main] INFO  - Started ServerConnector@2b491fee{HTTP/1.1, (http/1.1)}{0.0.0.0:8080}
2026-07-20 08:07:07.470 [main] INFO  - Started Server@48c35007{STARTING}[11.0.24,sto=0] @1327ms
2026-07-20 08:07:07.471 [main] INFO  - Javalin started in 180ms \o/
2026-07-20 08:07:07.474 [main] INFO  - Listening on http://localhost:8080/
2026-07-20 08:07:07.484 [main] INFO  - You are running Javalin 6.4.0 (released December 17, 2024. Your Javalin version is 579 days old. Consider checking for a newer version.).
2026-07-20 08:07:07.485 [main] INFO  - PWP Core Service running on port 8080
2026-07-20 08:17:37.161 [main] INFO  - Starting PWP Core Service...
2026-07-20 08:17:37.168 [main] WARN  - Could not load config file '>', using defaults
2026-07-20 08:17:37.382 [main] INFO  - Version: dev (commit unknown)
2026-07-20 08:17:37.398 [main] INFO  - PWP-Core-Pool - Starting...
2026-07-20 08:17:37.753 [main] INFO  - PWP-Core-Pool - Added connection com.mysql.cj.jdbc.ConnectionImpl@1a5b6f42
2026-07-20 08:17:37.758 [main] INFO  - PWP-Core-Pool - Start completed.
2026-07-20 08:17:37.758 [main] INFO  - Database pool initialized: 127.0.0.1:3306/pwp_core
2026-07-20 08:17:37.777 [main] INFO  - Database tables verified
2026-07-20 08:17:37.993 [main] WARN  - Failed to cleanup expired tokens: Table 'pwp_core.server_tokens' doesn't exist
2026-07-20 08:17:38.226 [main] INFO  - Starting Javalin ...
2026-07-20 08:17:38.228 [main] INFO  - jetty-11.0.24; built: 2024-08-26T18:11:22.448Z; git: 5dfc59a691b748796f922208956bd1f2794bcd16; jvm 17.0.19+10
2026-07-20 08:17:38.276 [main] INFO  - Session workerName=node0
2026-07-20 08:17:38.288 [main] INFO  - Started o.e.j.s.ServletContextHandler@61d9efe0{/,null,AVAILABLE}
2026-07-20 08:17:38.341 [main] INFO  - Started ServerConnector@2b491fee{HTTP/1.1, (http/1.1)}{0.0.0.0:8080}
2026-07-20 08:17:38.351 [main] INFO  - Started Server@48c35007{STARTING}[11.0.24,sto=0] @1739ms
2026-07-20 08:17:38.352 [main] INFO  - Javalin started in 194ms \o/
2026-07-20 08:17:38.356 [main] INFO  - Listening on http://localhost:8080/
2026-07-20 08:17:38.370 [main] INFO  - You are running Javalin 6.4.0 (released December 17, 2024. Your Javalin version is 579 days old. Consider checking for a newer version.).
2026-07-20 08:17:38.370 [main] INFO  - PWP Core Service running on port 8080
2026-07-20 08:25:13.604 [main] INFO  - Starting PWP Core Service...
2026-07-20 08:25:13.606 [main] WARN  - Could not load config file '>', using defaults
2026-07-20 08:25:13.762 [main] INFO  - Version: dev (commit unknown)
2026-07-20 08:25:13.773 [main] INFO  - PWP-Core-Pool - Starting...
2026-07-20 08:25:14.078 [main] INFO  - PWP-Core-Pool - Added connection com.mysql.cj.jdbc.ConnectionImpl@5038d0b5
2026-07-20 08:25:14.080 [main] INFO  - PWP-Core-Pool - Start completed.
2026-07-20 08:25:14.081 [main] INFO  - Database pool initialized: 127.0.0.1:3306/pwp_core
2026-07-20 08:25:14.099 [main] INFO  - Database tables verified
2026-07-20 08:25:14.363 [main] WARN  - Failed to cleanup expired tokens: Table 'pwp_core.server_tokens' doesn't exist
2026-07-20 08:25:14.584 [main] INFO  - Starting Javalin ...
2026-07-20 08:25:14.586 [main] INFO  - jetty-11.0.24; built: 2024-08-26T18:11:22.448Z; git: 5dfc59a691b748796f922208956bd1f2794bcd16; jvm 17.0.19+10
2026-07-20 08:25:14.625 [main] INFO  - Session workerName=node0
2026-07-20 08:25:14.635 [main] INFO  - Started o.e.j.s.ServletContextHandler@7e70bd39{/,null,AVAILABLE}
2026-07-20 08:25:14.680 [main] INFO  - Started ServerConnector@3f1c5af9{HTTP/1.1, (http/1.1)}{0.0.0.0:8080}
2026-07-20 08:25:14.689 [main] INFO  - Started Server@72a85671{STARTING}[11.0.24,sto=0] @1474ms
2026-07-20 08:25:14.690 [main] INFO  - Javalin started in 167ms \o/
2026-07-20 08:25:14.694 [main] INFO  - Listening on http://localhost:8080/
2026-07-20 08:25:14.706 [main] INFO  - You are running Javalin 6.4.0 (released December 17, 2024. Your Javalin version is 579 days old. Consider checking for a newer version.).
2026-07-20 08:25:14.706 [main] INFO  - PWP Core Service running on port 8080
2026-07-20 15:03:35.315 [main] INFO  - Starting PWP Core Service...
2026-07-20 15:03:35.323 [main] WARN  - Could not load config file '>', using defaults
2026-07-20 15:03:35.692 [main] INFO  - Version: dev (commit unknown)
2026-07-20 15:03:35.727 [main] INFO  - PWP-Core-Pool - Starting...
2026-07-20 15:03:36.808 [main] INFO  - PWP-Core-Pool - Added connection com.mysql.cj.jdbc.ConnectionImpl@7f2cfe3f
2026-07-20 15:03:36.816 [main] INFO  - PWP-Core-Pool - Start completed.
2026-07-20 15:03:36.817 [main] INFO  - Database pool initialized: 127.0.0.1:3306/pwp_core
2026-07-20 15:03:36.865 [main] INFO  - Database tables verified
2026-07-20 15:03:37.324 [main] WARN  - Failed to cleanup expired tokens: Table 'pwp_core.server_tokens' doesn't exist
2026-07-20 15:03:38.330 [main] INFO  - Starting Javalin ...
2026-07-20 15:03:38.337 [main] INFO  - jetty-11.0.24; built: 2024-08-26T18:11:22.448Z; git: 5dfc59a691b748796f922208956bd1f2794bcd16; jvm 17.0.19+10
2026-07-20 15:03:38.485 [main] INFO  - Session workerName=node0
2026-07-20 15:03:38.527 [main] INFO  - Started o.e.j.s.ServletContextHandler@61d9efe0{/,null,AVAILABLE}
2026-07-20 15:03:38.715 [main] INFO  - Started ServerConnector@2b491fee{HTTP/1.1, (http/1.1)}{0.0.0.0:8080}
2026-07-20 15:03:38.764 [main] INFO  - Started Server@48c35007{STARTING}[11.0.24,sto=0] @4476ms
2026-07-20 15:03:38.766 [main] INFO  - Javalin started in 823ms \o/
2026-07-20 15:03:38.774 [main] INFO  - Listening on http://localhost:8080/
2026-07-20 15:03:38.816 [main] INFO  - You are running Javalin 6.4.0 (released December 17, 2024. Your Javalin version is 579 days old. Consider checking for a newer version.).
2026-07-20 15:03:38.817 [main] INFO  - PWP Core Service running on port 8080
2026-07-20 15:06:14.258 [JettyServerThreadPool-33] WARN  - No session secret for POST from 127.0.0.1 (path=/api/v1/auth/heartbeat)
2026-07-20 15:42:16.909 [main] INFO  - Starting PWP Core Service...
2026-07-20 15:42:16.912 [main] WARN  - Could not load config file '>', using defaults
2026-07-20 15:42:17.085 [main] INFO  - Version: dev (commit unknown)
2026-07-20 15:42:17.097 [main] INFO  - PWP-Core-Pool - Starting...
2026-07-20 15:42:17.423 [main] INFO  - PWP-Core-Pool - Added connection com.mysql.cj.jdbc.ConnectionImpl@5038d0b5
2026-07-20 15:42:17.425 [main] INFO  - PWP-Core-Pool - Start completed.
2026-07-20 15:42:17.426 [main] INFO  - Database pool initialized: 127.0.0.1:3306/pwp_core
2026-07-20 15:42:17.449 [main] INFO  - Database tables verified
2026-07-20 15:42:17.707 [main] WARN  - Failed to cleanup expired tokens: Table 'pwp_core.server_tokens' doesn't exist
2026-07-20 15:42:18.006 [main] INFO  - Starting Javalin ...
2026-07-20 15:42:18.009 [main] INFO  - jetty-11.0.24; built: 2024-08-26T18:11:22.448Z; git: 5dfc59a691b748796f922208956bd1f2794bcd16; jvm 17.0.19+10
2026-07-20 15:42:18.071 [main] INFO  - Session workerName=node0
2026-07-20 15:42:18.084 [main] INFO  - Started o.e.j.s.ServletContextHandler@7e70bd39{/,null,AVAILABLE}
2026-07-20 15:42:18.152 [main] INFO  - Started ServerConnector@3f1c5af9{HTTP/1.1, (http/1.1)}{0.0.0.0:8080}
2026-07-20 15:42:18.165 [main] INFO  - Started Server@72a85671{STARTING}[11.0.24,sto=0] @1698ms
2026-07-20 15:42:18.166 [main] INFO  - Javalin started in 237ms \o/
2026-07-20 15:42:18.170 [main] INFO  - Listening on http://localhost:8080/
2026-07-20 15:42:18.188 [main] INFO  - You are running Javalin 6.4.0 (released December 17, 2024. Your Javalin version is 579 days old. Consider checking for a newer version.).
2026-07-20 15:42:18.188 [main] INFO  - PWP Core Service running on port 8080
2026-07-20 16:37:38.809 [main] INFO  - Starting PWP Core Service...
2026-07-20 16:37:38.824 [main] WARN  - Could not load config file '>', using defaults
2026-07-20 16:37:38.987 [main] INFO  - Version: dev (commit unknown)
2026-07-20 16:37:38.997 [main] INFO  - PWP-Core-Pool - Starting...
2026-07-20 16:37:39.299 [main] INFO  - PWP-Core-Pool - Added connection com.mysql.cj.jdbc.ConnectionImpl@1a5b6f42
2026-07-20 16:37:39.301 [main] INFO  - PWP-Core-Pool - Start completed.
2026-07-20 16:37:39.301 [main] INFO  - Database pool initialized: 127.0.0.1:3306/pwp_core
2026-07-20 16:37:39.313 [main] INFO  - Database tables verified
2026-07-20 16:37:39.524 [main] WARN  - Failed to cleanup expired tokens: Table 'pwp_core.server_tokens' doesn't exist
2026-07-20 16:37:39.751 [main] INFO  - Starting Javalin ...
2026-07-20 16:37:39.754 [main] INFO  - jetty-11.0.24; built: 2024-08-26T18:11:22.448Z; git: 5dfc59a691b748796f922208956bd1f2794bcd16; jvm 17.0.19+10
2026-07-20 16:37:39.800 [main] INFO  - Session workerName=node0
2026-07-20 16:37:39.809 [main] INFO  - Started o.e.j.s.ServletContextHandler@61d9efe0{/,null,AVAILABLE}
2026-07-20 16:37:39.859 [main] INFO  - Started ServerConnector@2b491fee{HTTP/1.1, (http/1.1)}{0.0.0.0:8080}
2026-07-20 16:37:39.870 [main] INFO  - Started Server@48c35007{STARTING}[11.0.24,sto=0] @1434ms
2026-07-20 16:37:39.872 [main] INFO  - Javalin started in 185ms \o/
2026-07-20 16:37:39.874 [main] INFO  - Listening on http://localhost:8080/
2026-07-20 16:37:39.885 [main] INFO  - You are running Javalin 6.4.0 (released December 17, 2024. Your Javalin version is 579 days old. Consider checking for a newer version.).
2026-07-20 16:37:39.886 [main] INFO  - PWP Core Service running on port 8080
2026-07-20 17:05:15.893 [main] INFO  - Starting PWP Core Service...
2026-07-20 17:05:15.897 [main] WARN  - Could not load config file '>', using defaults
2026-07-20 17:05:16.074 [main] INFO  - Version: dev (commit unknown)
2026-07-20 17:05:16.087 [main] INFO  - PWP-Core-Pool - Starting...
2026-07-20 17:05:16.413 [main] INFO  - PWP-Core-Pool - Added connection com.mysql.cj.jdbc.ConnectionImpl@7f2cfe3f
2026-07-20 17:05:16.417 [main] INFO  - PWP-Core-Pool - Start completed.
2026-07-20 17:05:16.417 [main] INFO  - Database pool initialized: 127.0.0.1:3306/pwp_core
2026-07-20 17:05:16.438 [main] INFO  - Database tables verified
2026-07-20 17:05:16.661 [main] WARN  - Failed to cleanup expired tokens: Table 'pwp_core.server_tokens' doesn't exist
2026-07-20 17:05:16.897 [main] INFO  - Starting Javalin ...
2026-07-20 17:05:16.900 [main] INFO  - jetty-11.0.24; built: 2024-08-26T18:11:22.448Z; git: 5dfc59a691b748796f922208956bd1f2794bcd16; jvm 17.0.19+10
2026-07-20 17:05:16.947 [main] INFO  - Session workerName=node0
2026-07-20 17:05:16.961 [main] INFO  - Started o.e.j.s.ServletContextHandler@61d9efe0{/,null,AVAILABLE}
2026-07-20 17:05:17.023 [main] INFO  - Started ServerConnector@2b491fee{HTTP/1.1, (http/1.1)}{0.0.0.0:8080}
2026-07-20 17:05:17.036 [main] INFO  - Started Server@48c35007{STARTING}[11.0.24,sto=0] @1622ms
2026-07-20 17:05:17.038 [main] INFO  - Javalin started in 211ms \o/
2026-07-20 17:05:17.042 [main] INFO  - Listening on http://localhost:8080/
2026-07-20 17:05:17.060 [main] INFO  - You are running Javalin 6.4.0 (released December 17, 2024. Your Javalin version is 579 days old. Consider checking for a newer version.).
2026-07-20 17:05:17.061 [main] INFO  - PWP Core Service running on port 8080
2026-07-20 20:23:55.372 [main] INFO  - Starting PWP Core Service...
2026-07-20 20:23:55.375 [main] WARN  - Could not load config file '>', using defaults
2026-07-20 20:23:55.520 [main] INFO  - Version: dev (commit unknown)
2026-07-20 20:23:55.531 [main] INFO  - PWP-Core-Pool - Starting...
2026-07-20 20:23:55.813 [main] INFO  - PWP-Core-Pool - Added connection com.mysql.cj.jdbc.ConnectionImpl@1a5b6f42
2026-07-20 20:23:55.815 [main] INFO  - PWP-Core-Pool - Start completed.
2026-07-20 20:23:55.815 [main] INFO  - Database pool initialized: 127.0.0.1:3306/pwp_core
2026-07-20 20:23:55.830 [main] INFO  - Database tables verified
2026-07-20 20:23:56.033 [main] WARN  - Failed to cleanup expired tokens: Table 'pwp_core.server_tokens' doesn't exist
2026-07-20 20:23:56.258 [main] INFO  - Starting Javalin ...
2026-07-20 20:23:56.261 [main] INFO  - jetty-11.0.24; built: 2024-08-26T18:11:22.448Z; git: 5dfc59a691b748796f922208956bd1f2794bcd16; jvm 17.0.19+10
2026-07-20 20:23:56.304 [main] INFO  - Session workerName=node0
2026-07-20 20:23:56.315 [main] INFO  - Started o.e.j.s.ServletContextHandler@61d9efe0{/,null,AVAILABLE}
2026-07-20 20:23:56.365 [main] INFO  - Started ServerConnector@2b491fee{HTTP/1.1, (http/1.1)}{0.0.0.0:8080}
2026-07-20 20:23:56.375 [main] INFO  - Started Server@48c35007{STARTING}[11.0.24,sto=0] @1371ms
2026-07-20 20:23:56.377 [main] INFO  - Javalin started in 183ms \o/
2026-07-20 20:23:56.380 [main] INFO  - Listening on http://localhost:8080/
2026-07-20 20:23:56.393 [main] INFO  - You are running Javalin 6.4.0 (released December 17, 2024. Your Javalin version is 579 days old. Consider checking for a newer version.).
2026-07-20 20:23:56.394 [main] INFO  - PWP Core Service running on port 8080
2026-07-20 21:53:50.412 [main] INFO  - Starting PWP Core Service...
2026-07-20 21:53:50.415 [main] WARN  - Could not load config file '>', using defaults
2026-07-20 21:53:50.561 [main] INFO  - Version: dev (commit unknown)
2026-07-20 21:53:50.572 [main] INFO  - PWP-Core-Pool - Starting...
2026-07-20 21:53:50.850 [main] INFO  - PWP-Core-Pool - Added connection com.mysql.cj.jdbc.ConnectionImpl@5038d0b5
2026-07-20 21:53:50.852 [main] INFO  - PWP-Core-Pool - Start completed.
2026-07-20 21:53:50.852 [main] INFO  - Database pool initialized: 127.0.0.1:3306/pwp_core
2026-07-20 21:53:50.864 [main] INFO  - Database tables verified
2026-07-20 21:53:51.065 [main] WARN  - Failed to cleanup expired tokens: Table 'pwp_core.server_tokens' doesn't exist
2026-07-20 21:53:51.293 [main] INFO  - Starting Javalin ...
2026-07-20 21:53:51.296 [main] INFO  - jetty-11.0.24; built: 2024-08-26T18:11:22.448Z; git: 5dfc59a691b748796f922208956bd1f2794bcd16; jvm 17.0.19+10
2026-07-20 21:53:51.338 [main] INFO  - Session workerName=node0
2026-07-20 21:53:51.350 [main] INFO  - Started o.e.j.s.ServletContextHandler@7e70bd39{/,null,AVAILABLE}
2026-07-20 21:53:51.398 [main] INFO  - Started ServerConnector@3f1c5af9{HTTP/1.1, (http/1.1)}{0.0.0.0:8080}
2026-07-20 21:53:51.409 [main] INFO  - Started Server@72a85671{STARTING}[11.0.24,sto=0] @1369ms
2026-07-20 21:53:51.410 [main] INFO  - Javalin started in 185ms \o/
2026-07-20 21:53:51.413 [main] INFO  - Listening on http://localhost:8080/
2026-07-20 21:53:51.426 [main] INFO  - You are running Javalin 6.4.0 (released December 17, 2024. Your Javalin version is 579 days old. Consider checking for a newer version.).
2026-07-20 21:53:51.426 [main] INFO  - PWP Core Service running on port 8080
2026-07-20 22:09:00.744 [main] INFO  - Starting PWP Core Service...
2026-07-20 22:09:00.747 [main] WARN  - Could not load config file '>', using defaults
2026-07-20 22:09:00.891 [main] INFO  - Version: dev (commit unknown)
2026-07-20 22:09:00.902 [main] INFO  - PWP-Core-Pool - Starting...
2026-07-20 22:09:01.192 [main] INFO  - PWP-Core-Pool - Added connection com.mysql.cj.jdbc.ConnectionImpl@1a5b6f42
2026-07-20 22:09:01.195 [main] INFO  - PWP-Core-Pool - Start completed.
2026-07-20 22:09:01.196 [main] INFO  - Database pool initialized: 127.0.0.1:3306/pwp_core
2026-07-20 22:09:01.213 [main] INFO  - Database tables verified
2026-07-20 22:09:01.441 [main] WARN  - Failed to cleanup expired tokens: Table 'pwp_core.server_tokens' doesn't exist
2026-07-20 22:09:01.660 [main] INFO  - Starting Javalin ...
2026-07-20 22:09:01.662 [main] INFO  - jetty-11.0.24; built: 2024-08-26T18:11:22.448Z; git: 5dfc59a691b748796f922208956bd1f2794bcd16; jvm 17.0.19+10
2026-07-20 22:09:01.704 [main] INFO  - Session workerName=node0
2026-07-20 22:09:01.714 [main] INFO  - Started o.e.j.s.ServletContextHandler@61d9efe0{/,null,AVAILABLE}
2026-07-20 22:09:01.760 [main] INFO  - Started ServerConnector@2b491fee{HTTP/1.1, (http/1.1)}{0.0.0.0:8080}
2026-07-20 22:09:01.769 [main] INFO  - Started Server@48c35007{STARTING}[11.0.24,sto=0] @1446ms
2026-07-20 22:09:01.770 [main] INFO  - Javalin started in 173ms \o/
2026-07-20 22:09:01.774 [main] INFO  - Listening on http://localhost:8080/
2026-07-20 22:09:01.786 [main] INFO  - You are running Javalin 6.4.0 (released December 17, 2024. Your Javalin version is 579 days old. Consider checking for a newer version.).
2026-07-20 22:09:01.786 [main] INFO  - PWP Core Service running on port 8080
2026-07-20 22:16:40.119 [main] INFO  - Starting PWP Core Service...
2026-07-20 22:16:40.123 [main] WARN  - Could not load config file '>', using defaults
2026-07-20 22:16:40.298 [main] INFO  - Version: dev (commit unknown)
2026-07-20 22:16:40.310 [main] INFO  - PWP-Core-Pool - Starting...
2026-07-20 22:16:40.623 [main] INFO  - PWP-Core-Pool - Added connection com.mysql.cj.jdbc.ConnectionImpl@1a5b6f42
2026-07-20 22:16:40.626 [main] INFO  - PWP-Core-Pool - Start completed.
2026-07-20 22:16:40.627 [main] INFO  - Database pool initialized: 127.0.0.1:3306/pwp_core
2026-07-20 22:16:40.643 [main] INFO  - Database tables verified
2026-07-20 22:16:40.877 [main] WARN  - Failed to cleanup expired tokens: Table 'pwp_core.server_tokens' doesn't exist
2026-07-20 22:16:41.132 [main] INFO  - Starting Javalin ...
2026-07-20 22:16:41.137 [main] INFO  - jetty-11.0.24; built: 2024-08-26T18:11:22.448Z; git: 5dfc59a691b748796f922208956bd1f2794bcd16; jvm 17.0.19+10
2026-07-20 22:16:41.190 [main] INFO  - Session workerName=node0
2026-07-20 22:16:41.201 [main] INFO  - Started o.e.j.s.ServletContextHandler@61d9efe0{/,null,AVAILABLE}
2026-07-20 22:16:41.261 [main] INFO  - Started ServerConnector@2b491fee{HTTP/1.1, (http/1.1)}{0.0.0.0:8080}
2026-07-20 22:16:41.272 [main] INFO  - Started Server@48c35007{STARTING}[11.0.24,sto=0] @1578ms
2026-07-20 22:16:41.273 [main] INFO  - Javalin started in 214ms \o/
2026-07-20 22:16:41.277 [main] INFO  - Listening on http://localhost:8080/
2026-07-20 22:16:41.295 [main] INFO  - You are running Javalin 6.4.0 (released December 17, 2024. Your Javalin version is 579 days old. Consider checking for a newer version.).
2026-07-20 22:16:41.295 [main] INFO  - PWP Core Service running on port 8080
2026-07-20 22:24:16.511 [main] INFO  - Starting PWP Core Service...
2026-07-20 22:24:16.514 [main] WARN  - Could not load config file '>', using defaults
2026-07-20 22:24:16.661 [main] INFO  - Version: dev (commit unknown)
2026-07-20 22:24:16.673 [main] INFO  - PWP-Core-Pool - Starting...
2026-07-20 22:24:16.946 [main] INFO  - PWP-Core-Pool - Added connection com.mysql.cj.jdbc.ConnectionImpl@5038d0b5
2026-07-20 22:24:16.948 [main] INFO  - PWP-Core-Pool - Start completed.
2026-07-20 22:24:16.948 [main] INFO  - Database pool initialized: 127.0.0.1:3306/pwp_core
2026-07-20 22:24:16.963 [main] INFO  - Database tables verified
2026-07-20 22:24:17.180 [main] WARN  - Failed to cleanup expired tokens: Table 'pwp_core.server_tokens' doesn't exist
2026-07-20 22:24:17.402 [main] INFO  - Starting Javalin ...
2026-07-20 22:24:17.404 [main] INFO  - jetty-11.0.24; built: 2024-08-26T18:11:22.448Z; git: 5dfc59a691b748796f922208956bd1f2794bcd16; jvm 17.0.19+10
2026-07-20 22:24:17.448 [main] INFO  - Session workerName=node0
2026-07-20 22:24:17.459 [main] INFO  - Started o.e.j.s.ServletContextHandler@7e70bd39{/,null,AVAILABLE}
2026-07-20 22:24:17.508 [main] INFO  - Started ServerConnector@3f1c5af9{HTTP/1.1, (http/1.1)}{0.0.0.0:8080}
2026-07-20 22:24:17.517 [main] INFO  - Started Server@72a85671{STARTING}[11.0.24,sto=0] @1372ms
2026-07-20 22:24:17.518 [main] INFO  - Javalin started in 180ms \o/
2026-07-20 22:24:17.522 [main] INFO  - Listening on http://localhost:8080/
2026-07-20 22:24:17.534 [main] INFO  - You are running Javalin 6.4.0 (released December 17, 2024. Your Javalin version is 579 days old. Consider checking for a newer version.).
2026-07-20 22:24:17.534 [main] INFO  - PWP Core Service running on port 8080
2026-07-20 23:01:35.737 [main] INFO  - Starting PWP Core Service...
2026-07-20 23:01:35.740 [main] WARN  - Could not load config file '>', using defaults
2026-07-20 23:01:35.894 [main] INFO  - Version: dev (commit unknown)
2026-07-20 23:01:35.905 [main] INFO  - PWP-Core-Pool - Starting...
2026-07-20 23:01:36.171 [main] INFO  - PWP-Core-Pool - Added connection com.mysql.cj.jdbc.ConnectionImpl@7f2cfe3f
2026-07-20 23:01:36.173 [main] INFO  - PWP-Core-Pool - Start completed.
2026-07-20 23:01:36.173 [main] INFO  - Database pool initialized: 127.0.0.1:3306/pwp_core
2026-07-20 23:01:36.187 [main] INFO  - Database tables verified
2026-07-20 23:01:36.389 [main] WARN  - Failed to cleanup expired tokens: Table 'pwp_core.server_tokens' doesn't exist
2026-07-20 23:01:36.615 [main] INFO  - Starting Javalin ...
2026-07-20 23:01:36.617 [main] INFO  - jetty-11.0.24; built: 2024-08-26T18:11:22.448Z; git: 5dfc59a691b748796f922208956bd1f2794bcd16; jvm 17.0.19+10
2026-07-20 23:01:36.666 [main] INFO  - Session workerName=node0
2026-07-20 23:01:36.679 [main] INFO  - Started o.e.j.s.ServletContextHandler@61d9efe0{/,null,AVAILABLE}
2026-07-20 23:01:36.732 [main] INFO  - Started ServerConnector@2b491fee{HTTP/1.1, (http/1.1)}{0.0.0.0:8080}
2026-07-20 23:01:36.742 [main] INFO  - Started Server@48c35007{STARTING}[11.0.24,sto=0] @1354ms
2026-07-20 23:01:36.743 [main] INFO  - Javalin started in 201ms \o/
2026-07-20 23:01:36.747 [main] INFO  - Listening on http://localhost:8080/
2026-07-20 23:01:36.760 [main] INFO  - You are running Javalin 6.4.0 (released December 17, 2024. Your Javalin version is 580 days old. Consider checking for a newer version.).
2026-07-20 23:01:36.760 [main] INFO  - PWP Core Service running on port 8080
2026-07-20 23:18:03.712 [main] INFO  - Starting PWP Core Service...
2026-07-20 23:18:03.716 [main] WARN  - Could not load config file '>', using defaults
2026-07-20 23:18:03.918 [main] INFO  - Version: dev (commit unknown)
2026-07-20 23:18:03.931 [main] INFO  - PWP-Core-Pool - Starting...
2026-07-20 23:18:04.264 [main] INFO  - PWP-Core-Pool - Added connection com.mysql.cj.jdbc.ConnectionImpl@5038d0b5
2026-07-20 23:18:04.266 [main] INFO  - PWP-Core-Pool - Start completed.
2026-07-20 23:18:04.267 [main] INFO  - Database pool initialized: 127.0.0.1:3306/pwp_core
2026-07-20 23:18:04.283 [main] INFO  - Database tables verified
2026-07-20 23:18:04.524 [main] WARN  - Failed to cleanup expired tokens: Table 'pwp_core.server_tokens' doesn't exist
2026-07-20 23:18:04.768 [main] INFO  - Starting Javalin ...
2026-07-20 23:18:04.771 [main] INFO  - jetty-11.0.24; built: 2024-08-26T18:11:22.448Z; git: 5dfc59a691b748796f922208956bd1f2794bcd16; jvm 17.0.19+10
2026-07-20 23:18:04.821 [main] INFO  - Session workerName=node0
2026-07-20 23:18:04.834 [main] INFO  - Started o.e.j.s.ServletContextHandler@7e70bd39{/,null,AVAILABLE}
2026-07-20 23:18:04.886 [main] INFO  - Started ServerConnector@3f1c5af9{HTTP/1.1, (http/1.1)}{0.0.0.0:8080}
2026-07-20 23:18:04.897 [main] INFO  - Started Server@72a85671{STARTING}[11.0.24,sto=0] @1638ms
2026-07-20 23:18:04.898 [main] INFO  - Javalin started in 201ms \o/
2026-07-20 23:18:04.901 [main] INFO  - Listening on http://localhost:8080/
2026-07-20 23:18:04.915 [main] INFO  - You are running Javalin 6.4.0 (released December 17, 2024. Your Javalin version is 580 days old. Consider checking for a newer version.).
2026-07-20 23:18:04.916 [main] INFO  - PWP Core Service running on port 8080
2026-07-20 23:36:51.714 [main] INFO  - Starting PWP Core Service...
2026-07-20 23:36:51.717 [main] WARN  - Could not load config file '>', using defaults
2026-07-20 23:36:51.893 [main] INFO  - Version: dev (commit unknown)
2026-07-20 23:36:51.906 [main] INFO  - PWP-Core-Pool - Starting...
2026-07-20 23:36:52.186 [main] INFO  - PWP-Core-Pool - Added connection com.mysql.cj.jdbc.ConnectionImpl@5038d0b5
2026-07-20 23:36:52.189 [main] INFO  - PWP-Core-Pool - Start completed.
2026-07-20 23:36:52.190 [main] INFO  - Database pool initialized: 127.0.0.1:3306/pwp_core
2026-07-20 23:36:52.205 [main] INFO  - Database tables verified
2026-07-20 23:36:52.419 [main] WARN  - Failed to cleanup expired tokens: Table 'pwp_core.server_tokens' doesn't exist
2026-07-20 23:36:52.639 [main] INFO  - Starting Javalin ...
2026-07-20 23:36:52.641 [main] INFO  - jetty-11.0.24; built: 2024-08-26T18:11:22.448Z; git: 5dfc59a691b748796f922208956bd1f2794bcd16; jvm 17.0.19+10
2026-07-20 23:36:52.690 [main] INFO  - Session workerName=node0
2026-07-20 23:36:52.701 [main] INFO  - Started o.e.j.s.ServletContextHandler@7e70bd39{/,null,AVAILABLE}
2026-07-20 23:36:52.752 [main] INFO  - Started ServerConnector@3f1c5af9{HTTP/1.1, (http/1.1)}{0.0.0.0:8080}
2026-07-20 23:36:52.761 [main] INFO  - Started Server@72a85671{STARTING}[11.0.24,sto=0] @1410ms
2026-07-20 23:36:52.762 [main] INFO  - Javalin started in 186ms \o/
2026-07-20 23:36:52.765 [main] INFO  - Listening on http://localhost:8080/
2026-07-20 23:36:52.777 [main] INFO  - You are running Javalin 6.4.0 (released December 17, 2024. Your Javalin version is 580 days old. Consider checking for a newer version.).
2026-07-20 23:36:52.777 [main] INFO  - PWP Core Service running on port 8080
2026-07-20 23:48:52.754 [main] INFO  - Starting PWP Core Service...
2026-07-20 23:48:52.755 [main] WARN  - Could not load config file '>', using defaults
2026-07-20 23:48:52.904 [main] INFO  - Version: dev (commit unknown)
2026-07-20 23:48:52.916 [main] INFO  - PWP-Core-Pool - Starting...
2026-07-20 23:48:53.189 [main] INFO  - PWP-Core-Pool - Added connection com.mysql.cj.jdbc.ConnectionImpl@1a5b6f42
2026-07-20 23:48:53.190 [main] INFO  - PWP-Core-Pool - Start completed.
2026-07-20 23:48:53.190 [main] INFO  - Database pool initialized: 127.0.0.1:3306/pwp_core
2026-07-20 23:48:53.200 [main] INFO  - Database tables verified
2026-07-20 23:48:53.433 [main] WARN  - Failed to cleanup expired tokens: Table 'pwp_core.server_tokens' doesn't exist
2026-07-20 23:48:53.666 [main] INFO  - Starting Javalin ...
2026-07-20 23:48:53.668 [main] INFO  - jetty-11.0.24; built: 2024-08-26T18:11:22.448Z; git: 5dfc59a691b748796f922208956bd1f2794bcd16; jvm 17.0.19+10
2026-07-20 23:48:53.715 [main] INFO  - Session workerName=node0
2026-07-20 23:48:53.726 [main] INFO  - Started o.e.j.s.ServletContextHandler@61d9efe0{/,null,AVAILABLE}
2026-07-20 23:48:53.775 [main] INFO  - Started ServerConnector@2b491fee{HTTP/1.1, (http/1.1)}{0.0.0.0:8080}
2026-07-20 23:48:53.786 [main] INFO  - Started Server@48c35007{STARTING}[11.0.24,sto=0] @1384ms
2026-07-20 23:48:53.787 [main] INFO  - Javalin started in 184ms \o/
2026-07-20 23:48:53.790 [main] INFO  - Listening on http://localhost:8080/
2026-07-20 23:48:53.800 [main] INFO  - You are running Javalin 6.4.0 (released December 17, 2024. Your Javalin version is 580 days old. Consider checking for a newer version.).
2026-07-20 23:48:53.801 [main] INFO  - PWP Core Service running on port 8080
