2026-07-20 08:07:06.496 [main] INFO  - Starting PWP Core Service...
2026-07-20 08:07:06.498 [main] WARN  - Could not load config file '>', using defaults
2026-07-20 08:07:06.640 [main] INFO  - Version: dev (commit unknown)
2026-07-20 08:07:06.650 [main] INFO  - PWP-Core-Pool - Starting...
2026-07-20 08:07:06.922 [main] INFO  - PWP-Core-Pool - Added connection com.mysql.cj.jdbc.ConnectionImpl@1a5b6f42
2026-07-20 08:07:06.924 [main] INFO  - PWP-Core-Pool - Start completed.
2026-07-20 08:07:06.924 [main] INFO  - Database pool initialized: 127.0.0.1:3306/pwp_core
2026-07-20 08:07:06.935 [main] INFO  - Database tables verified
2026-07-20 08:07:07.134 [main] WARN  - Failed to cleanup expired tokens: Table 'pwp_core.server_tokens' doesn't exist
2026-07-20 08:07:07.356 [main] INFO  - Starting Javalin ...
2026-07-20 08:07:07.358 [main] INFO  - jetty-11.0.24; built: 2024-08-26T18:11:22.448Z; git: 5dfc59a691b748796f922208956bd1f2794bcd16; jvm 17.0.19+10
2026-07-20 08:07:07.402 [main] INFO  - Session workerName=node0
2026-07-20 08:07:07.411 [main] INFO  - Started o.e.j.s.ServletContextHandler@61d9efe0{/,null,AVAILABLE}
2026-07-20 08:07:07.461 [main] INFO  - Started ServerConnector@2b491fee{HTTP/1.1, (http/1.1)}{0.0.0.0:8080}
2026-07-20 08:07:07.470 [main] INFO  - Started Server@48c35007{STARTING}[11.0.24,sto=0] @1327ms
2026-07-20 08:07:07.471 [main] INFO  - Javalin started in 180ms \o/
2026-07-20 08:07:07.474 [main] INFO  - Listening on http://localhost:8080/
2026-07-20 08:07:07.484 [main] INFO  - You are running Javalin 6.4.0 (released December 17, 2024. Your Javalin version is 579 days old. Consider checking for a newer version.).
2026-07-20 08:07:07.485 [main] INFO  - PWP Core Service running on port 8080
2026-07-20 08:17:37.161 [main] INFO  - Starting PWP Core Service...
2026-07-20 08:17:37.168 [main] WARN  - Could not load config file '>', using defaults
2026-07-20 08:17:37.382 [main] INFO  - Version: dev (commit unknown)
2026-07-20 08:17:37.398 [main] INFO  - PWP-Core-Pool - Starting...
2026-07-20 08:17:37.753 [main] INFO  - PWP-Core-Pool - Added connection com.mysql.cj.jdbc.ConnectionImpl@1a5b6f42
2026-07-20 08:17:37.758 [main] INFO  - PWP-Core-Pool - Start completed.
2026-07-20 08:17:37.758 [main] INFO  - Database pool initialized: 127.0.0.1:3306/pwp_core
2026-07-20 08:17:37.777 [main] INFO  - Database tables verified
2026-07-20 08:17:37.993 [main] WARN  - Failed to cleanup expired tokens: Table 'pwp_core.server_tokens' doesn't exist
2026-07-20 08:17:38.226 [main] INFO  - Starting Javalin ...
2026-07-20 08:17:38.228 [main] INFO  - jetty-11.0.24; built: 2024-08-26T18:11:22.448Z; git: 5dfc59a691b748796f922208956bd1f2794bcd16; jvm 17.0.19+10
2026-07-20 08:17:38.276 [main] INFO  - Session workerName=node0
2026-07-20 08:17:38.288 [main] INFO  - Started o.e.j.s.ServletContextHandler@61d9efe0{/,null,AVAILABLE}
2026-07-20 08:17:38.341 [main] INFO  - Started ServerConnector@2b491fee{HTTP/1.1, (http/1.1)}{0.0.0.0:8080}
2026-07-20 08:17:38.351 [main] INFO  - Started Server@48c35007{STARTING}[11.0.24,sto=0] @1739ms
2026-07-20 08:17:38.352 [main] INFO  - Javalin started in 194ms \o/
2026-07-20 08:17:38.356 [main] INFO  - Listening on http://localhost:8080/
2026-07-20 08:17:38.370 [main] INFO  - You are running Javalin 6.4.0 (released December 17, 2024. Your Javalin version is 579 days old. Consider checking for a newer version.).
2026-07-20 08:17:38.370 [main] INFO  - PWP Core Service running on port 8080
